   0  $accept : prog $end

   1  $$1 :

   2  prog : $$1 dList mainF

   3  $$2 :

   4  $$3 :

   5  mainF : VOID MAIN '(' ')' $$2 '{' lcmd $$3 '}'

   6  dList : decl dList
   7        |

   8  decl : type ID ';'

   9  type : INT
  10       | FLOAT
  11       | BOOL

  12  lcmd : lcmd cmd
  13       |

  14  cmd : exp ';'
  15      | '{' lcmd '}'
  16      | WRITE '(' LIT ')' ';'

  17  $$4 :

  18  cmd : WRITE '(' LIT $$4 ',' exp ')' ';'
  19      | READ '(' ID ')' ';'

  20  $$5 :

  21  $$6 :

  22  cmd : WHILE $$5 '(' exp ')' $$6 cmd

  23  $$7 :

  24  cmd : IF '(' exp $$7 ')' cmd restoIf

  25  $$8 :

  26  restoIf : ELSE $$8 cmd
  27          |

  28  exp : NUM
  29      | TRUE
  30      | FALSE
  31      | ID
  32      | '(' exp ')'
  33      | '!' exp
  34      | ID '=' exp
  35      | INC ID
  36      | ID INC
  37      | ID ATR exp
  38      | exp '+' exp
  39      | exp '-' exp
  40      | exp '*' exp
  41      | exp '/' exp
  42      | exp '%' exp
  43      | exp '>' exp
  44      | exp '<' exp
  45      | exp EQ exp
  46      | exp LEQ exp
  47      | exp GEQ exp
  48      | exp NEQ exp
  49      | exp OR exp
  50      | exp AND exp

state 0
	$accept : . prog $end  (0)
	$$1 : .  (1)

	.  reduce 1

	prog  goto 1
	$$1  goto 2


state 1
	$accept : prog . $end  (0)

	$end  accept


state 2
	prog : $$1 . dList mainF  (2)
	dList : .  (7)

	INT  shift 3
	FLOAT  shift 4
	BOOL  shift 5
	VOID  reduce 7

	type  goto 6
	dList  goto 7
	decl  goto 8


state 3
	type : INT .  (9)

	.  reduce 9


state 4
	type : FLOAT .  (10)

	.  reduce 10


state 5
	type : BOOL .  (11)

	.  reduce 11


state 6
	decl : type . ID ';'  (8)

	ID  shift 9
	.  error


state 7
	prog : $$1 dList . mainF  (2)

	VOID  shift 10
	.  error

	mainF  goto 11


state 8
	dList : decl . dList  (6)
	dList : .  (7)

	INT  shift 3
	FLOAT  shift 4
	BOOL  shift 5
	VOID  reduce 7

	type  goto 6
	dList  goto 12
	decl  goto 8


state 9
	decl : type ID . ';'  (8)

	';'  shift 13
	.  error


state 10
	mainF : VOID . MAIN '(' ')' $$2 '{' lcmd $$3 '}'  (5)

	MAIN  shift 14
	.  error


state 11
	prog : $$1 dList mainF .  (2)

	.  reduce 2


state 12
	dList : decl dList .  (6)

	.  reduce 6


state 13
	decl : type ID ';' .  (8)

	.  reduce 8


state 14
	mainF : VOID MAIN . '(' ')' $$2 '{' lcmd $$3 '}'  (5)

	'('  shift 15
	.  error


state 15
	mainF : VOID MAIN '(' . ')' $$2 '{' lcmd $$3 '}'  (5)

	')'  shift 16
	.  error


state 16
	mainF : VOID MAIN '(' ')' . $$2 '{' lcmd $$3 '}'  (5)
	$$2 : .  (3)

	.  reduce 3

	$$2  goto 17


state 17
	mainF : VOID MAIN '(' ')' $$2 . '{' lcmd $$3 '}'  (5)

	'{'  shift 18
	.  error


state 18
	mainF : VOID MAIN '(' ')' $$2 '{' . lcmd $$3 '}'  (5)
	lcmd : .  (13)

	.  reduce 13

	lcmd  goto 19


state 19
	mainF : VOID MAIN '(' ')' $$2 '{' lcmd . $$3 '}'  (5)
	lcmd : lcmd . cmd  (12)
	$$3 : .  (4)

	ID  shift 20
	NUM  shift 21
	READ  shift 22
	WRITE  shift 23
	IF  shift 24
	WHILE  shift 25
	TRUE  shift 26
	FALSE  shift 27
	'!'  shift 28
	'('  shift 29
	'{'  shift 30
	INC  shift 31
	'}'  reduce 4

	$$3  goto 32
	cmd  goto 33
	exp  goto 34


state 20
	exp : ID .  (31)
	exp : ID . '=' exp  (34)
	exp : ID . INC  (36)
	exp : ID . ATR exp  (37)

	'='  shift 35
	INC  shift 36
	ATR  shift 37
	EQ  reduce 31
	LEQ  reduce 31
	GEQ  reduce 31
	NEQ  reduce 31
	AND  reduce 31
	OR  reduce 31
	'>'  reduce 31
	'<'  reduce 31
	'+'  reduce 31
	'-'  reduce 31
	'*'  reduce 31
	'/'  reduce 31
	'%'  reduce 31
	')'  reduce 31
	';'  reduce 31


state 21
	exp : NUM .  (28)

	.  reduce 28


state 22
	cmd : READ . '(' ID ')' ';'  (19)

	'('  shift 38
	.  error


state 23
	cmd : WRITE . '(' LIT ')' ';'  (16)
	cmd : WRITE . '(' LIT $$4 ',' exp ')' ';'  (18)

	'('  shift 39
	.  error


state 24
	cmd : IF . '(' exp $$7 ')' cmd restoIf  (24)

	'('  shift 40
	.  error


state 25
	cmd : WHILE . $$5 '(' exp ')' $$6 cmd  (22)
	$$5 : .  (20)

	.  reduce 20

	$$5  goto 41


state 26
	exp : TRUE .  (29)

	.  reduce 29


state 27
	exp : FALSE .  (30)

	.  reduce 30


state 28
	exp : '!' . exp  (33)

	ID  shift 20
	NUM  shift 21
	TRUE  shift 26
	FALSE  shift 27
	'!'  shift 28
	'('  shift 29
	INC  shift 31
	.  error

	exp  goto 42


state 29
	exp : '(' . exp ')'  (32)

	ID  shift 20
	NUM  shift 21
	TRUE  shift 26
	FALSE  shift 27
	'!'  shift 28
	'('  shift 29
	INC  shift 31
	.  error

	exp  goto 43


state 30
	cmd : '{' . lcmd '}'  (15)
	lcmd : .  (13)

	.  reduce 13

	lcmd  goto 44


state 31
	exp : INC . ID  (35)

	ID  shift 45
	.  error


state 32
	mainF : VOID MAIN '(' ')' $$2 '{' lcmd $$3 . '}'  (5)

	'}'  shift 46
	.  error


state 33
	lcmd : lcmd cmd .  (12)

	.  reduce 12


state 34
	cmd : exp . ';'  (14)
	exp : exp . '+' exp  (38)
	exp : exp . '-' exp  (39)
	exp : exp . '*' exp  (40)
	exp : exp . '/' exp  (41)
	exp : exp . '%' exp  (42)
	exp : exp . '>' exp  (43)
	exp : exp . '<' exp  (44)
	exp : exp . EQ exp  (45)
	exp : exp . LEQ exp  (46)
	exp : exp . GEQ exp  (47)
	exp : exp . NEQ exp  (48)
	exp : exp . OR exp  (49)
	exp : exp . AND exp  (50)

	EQ  shift 47
	LEQ  shift 48
	GEQ  shift 49
	NEQ  shift 50
	AND  shift 51
	OR  shift 52
	'>'  shift 53
	'<'  shift 54
	'+'  shift 55
	'-'  shift 56
	'*'  shift 57
	'/'  shift 58
	'%'  shift 59
	';'  shift 60
	.  error


state 35
	exp : ID '=' . exp  (34)

	ID  shift 20
	NUM  shift 21
	TRUE  shift 26
	FALSE  shift 27
	'!'  shift 28
	'('  shift 29
	INC  shift 31
	.  error

	exp  goto 61


state 36
	exp : ID INC .  (36)

	.  reduce 36


state 37
	exp : ID ATR . exp  (37)

	ID  shift 20
	NUM  shift 21
	TRUE  shift 26
	FALSE  shift 27
	'!'  shift 28
	'('  shift 29
	INC  shift 31
	.  error

	exp  goto 62


state 38
	cmd : READ '(' . ID ')' ';'  (19)

	ID  shift 63
	.  error


state 39
	cmd : WRITE '(' . LIT ')' ';'  (16)
	cmd : WRITE '(' . LIT $$4 ',' exp ')' ';'  (18)

	LIT  shift 64
	.  error


state 40
	cmd : IF '(' . exp $$7 ')' cmd restoIf  (24)

	ID  shift 20
	NUM  shift 21
	TRUE  shift 26
	FALSE  shift 27
	'!'  shift 28
	'('  shift 29
	INC  shift 31
	.  error

	exp  goto 65


state 41
	cmd : WHILE $$5 . '(' exp ')' $$6 cmd  (22)

	'('  shift 66
	.  error


state 42
	exp : '!' exp .  (33)
	exp : exp . '+' exp  (38)
	exp : exp . '-' exp  (39)
	exp : exp . '*' exp  (40)
	exp : exp . '/' exp  (41)
	exp : exp . '%' exp  (42)
	exp : exp . '>' exp  (43)
	exp : exp . '<' exp  (44)
	exp : exp . EQ exp  (45)
	exp : exp . LEQ exp  (46)
	exp : exp . GEQ exp  (47)
	exp : exp . NEQ exp  (48)
	exp : exp . OR exp  (49)
	exp : exp . AND exp  (50)

	.  reduce 33


state 43
	exp : '(' exp . ')'  (32)
	exp : exp . '+' exp  (38)
	exp : exp . '-' exp  (39)
	exp : exp . '*' exp  (40)
	exp : exp . '/' exp  (41)
	exp : exp . '%' exp  (42)
	exp : exp . '>' exp  (43)
	exp : exp . '<' exp  (44)
	exp : exp . EQ exp  (45)
	exp : exp . LEQ exp  (46)
	exp : exp . GEQ exp  (47)
	exp : exp . NEQ exp  (48)
	exp : exp . OR exp  (49)
	exp : exp . AND exp  (50)

	EQ  shift 47
	LEQ  shift 48
	GEQ  shift 49
	NEQ  shift 50
	AND  shift 51
	OR  shift 52
	'>'  shift 53
	'<'  shift 54
	'+'  shift 55
	'-'  shift 56
	'*'  shift 57
	'/'  shift 58
	'%'  shift 59
	')'  shift 67
	.  error


state 44
	lcmd : lcmd . cmd  (12)
	cmd : '{' lcmd . '}'  (15)

	ID  shift 20
	NUM  shift 21
	READ  shift 22
	WRITE  shift 23
	IF  shift 24
	WHILE  shift 25
	TRUE  shift 26
	FALSE  shift 27
	'!'  shift 28
	'('  shift 29
	'{'  shift 30
	'}'  shift 68
	INC  shift 31
	.  error

	cmd  goto 33
	exp  goto 34


state 45
	exp : INC ID .  (35)

	.  reduce 35


state 46
	mainF : VOID MAIN '(' ')' $$2 '{' lcmd $$3 '}' .  (5)

	.  reduce 5


state 47
	exp : exp EQ . exp  (45)

	ID  shift 20
	NUM  shift 21
	TRUE  shift 26
	FALSE  shift 27
	'!'  shift 28
	'('  shift 29
	INC  shift 31
	.  error

	exp  goto 69


state 48
	exp : exp LEQ . exp  (46)

	ID  shift 20
	NUM  shift 21
	TRUE  shift 26
	FALSE  shift 27
	'!'  shift 28
	'('  shift 29
	INC  shift 31
	.  error

	exp  goto 70


state 49
	exp : exp GEQ . exp  (47)

	ID  shift 20
	NUM  shift 21
	TRUE  shift 26
	FALSE  shift 27
	'!'  shift 28
	'('  shift 29
	INC  shift 31
	.  error

	exp  goto 71


state 50
	exp : exp NEQ . exp  (48)

	ID  shift 20
	NUM  shift 21
	TRUE  shift 26
	FALSE  shift 27
	'!'  shift 28
	'('  shift 29
	INC  shift 31
	.  error

	exp  goto 72


state 51
	exp : exp AND . exp  (50)

	ID  shift 20
	NUM  shift 21
	TRUE  shift 26
	FALSE  shift 27
	'!'  shift 28
	'('  shift 29
	INC  shift 31
	.  error

	exp  goto 73


state 52
	exp : exp OR . exp  (49)

	ID  shift 20
	NUM  shift 21
	TRUE  shift 26
	FALSE  shift 27
	'!'  shift 28
	'('  shift 29
	INC  shift 31
	.  error

	exp  goto 74


state 53
	exp : exp '>' . exp  (43)

	ID  shift 20
	NUM  shift 21
	TRUE  shift 26
	FALSE  shift 27
	'!'  shift 28
	'('  shift 29
	INC  shift 31
	.  error

	exp  goto 75


state 54
	exp : exp '<' . exp  (44)

	ID  shift 20
	NUM  shift 21
	TRUE  shift 26
	FALSE  shift 27
	'!'  shift 28
	'('  shift 29
	INC  shift 31
	.  error

	exp  goto 76


state 55
	exp : exp '+' . exp  (38)

	ID  shift 20
	NUM  shift 21
	TRUE  shift 26
	FALSE  shift 27
	'!'  shift 28
	'('  shift 29
	INC  shift 31
	.  error

	exp  goto 77


state 56
	exp : exp '-' . exp  (39)

	ID  shift 20
	NUM  shift 21
	TRUE  shift 26
	FALSE  shift 27
	'!'  shift 28
	'('  shift 29
	INC  shift 31
	.  error

	exp  goto 78


state 57
	exp : exp '*' . exp  (40)

	ID  shift 20
	NUM  shift 21
	TRUE  shift 26
	FALSE  shift 27
	'!'  shift 28
	'('  shift 29
	INC  shift 31
	.  error

	exp  goto 79


state 58
	exp : exp '/' . exp  (41)

	ID  shift 20
	NUM  shift 21
	TRUE  shift 26
	FALSE  shift 27
	'!'  shift 28
	'('  shift 29
	INC  shift 31
	.  error

	exp  goto 80


state 59
	exp : exp '%' . exp  (42)

	ID  shift 20
	NUM  shift 21
	TRUE  shift 26
	FALSE  shift 27
	'!'  shift 28
	'('  shift 29
	INC  shift 31
	.  error

	exp  goto 81


state 60
	cmd : exp ';' .  (14)

	.  reduce 14


state 61
	exp : ID '=' exp .  (34)
	exp : exp . '+' exp  (38)
	exp : exp . '-' exp  (39)
	exp : exp . '*' exp  (40)
	exp : exp . '/' exp  (41)
	exp : exp . '%' exp  (42)
	exp : exp . '>' exp  (43)
	exp : exp . '<' exp  (44)
	exp : exp . EQ exp  (45)
	exp : exp . LEQ exp  (46)
	exp : exp . GEQ exp  (47)
	exp : exp . NEQ exp  (48)
	exp : exp . OR exp  (49)
	exp : exp . AND exp  (50)

	EQ  shift 47
	LEQ  shift 48
	GEQ  shift 49
	NEQ  shift 50
	AND  shift 51
	OR  shift 52
	'>'  shift 53
	'<'  shift 54
	'+'  shift 55
	'-'  shift 56
	'*'  shift 57
	'/'  shift 58
	'%'  shift 59
	')'  reduce 34
	';'  reduce 34


62: shift/reduce conflict (shift 47, reduce 37) on EQ
62: shift/reduce conflict (shift 48, reduce 37) on LEQ
62: shift/reduce conflict (shift 49, reduce 37) on GEQ
62: shift/reduce conflict (shift 50, reduce 37) on NEQ
62: shift/reduce conflict (shift 51, reduce 37) on AND
62: shift/reduce conflict (shift 52, reduce 37) on OR
62: shift/reduce conflict (shift 53, reduce 37) on '>'
62: shift/reduce conflict (shift 54, reduce 37) on '<'
62: shift/reduce conflict (shift 55, reduce 37) on '+'
62: shift/reduce conflict (shift 56, reduce 37) on '-'
62: shift/reduce conflict (shift 57, reduce 37) on '*'
62: shift/reduce conflict (shift 58, reduce 37) on '/'
62: shift/reduce conflict (shift 59, reduce 37) on '%'
state 62
	exp : ID ATR exp .  (37)
	exp : exp . '+' exp  (38)
	exp : exp . '-' exp  (39)
	exp : exp . '*' exp  (40)
	exp : exp . '/' exp  (41)
	exp : exp . '%' exp  (42)
	exp : exp . '>' exp  (43)
	exp : exp . '<' exp  (44)
	exp : exp . EQ exp  (45)
	exp : exp . LEQ exp  (46)
	exp : exp . GEQ exp  (47)
	exp : exp . NEQ exp  (48)
	exp : exp . OR exp  (49)
	exp : exp . AND exp  (50)

	EQ  shift 47
	LEQ  shift 48
	GEQ  shift 49
	NEQ  shift 50
	AND  shift 51
	OR  shift 52
	'>'  shift 53
	'<'  shift 54
	'+'  shift 55
	'-'  shift 56
	'*'  shift 57
	'/'  shift 58
	'%'  shift 59
	')'  reduce 37
	';'  reduce 37


state 63
	cmd : READ '(' ID . ')' ';'  (19)

	')'  shift 82
	.  error


state 64
	cmd : WRITE '(' LIT . ')' ';'  (16)
	cmd : WRITE '(' LIT . $$4 ',' exp ')' ';'  (18)
	$$4 : .  (17)

	')'  shift 83
	','  reduce 17

	$$4  goto 84


state 65
	cmd : IF '(' exp . $$7 ')' cmd restoIf  (24)
	exp : exp . '+' exp  (38)
	exp : exp . '-' exp  (39)
	exp : exp . '*' exp  (40)
	exp : exp . '/' exp  (41)
	exp : exp . '%' exp  (42)
	exp : exp . '>' exp  (43)
	exp : exp . '<' exp  (44)
	exp : exp . EQ exp  (45)
	exp : exp . LEQ exp  (46)
	exp : exp . GEQ exp  (47)
	exp : exp . NEQ exp  (48)
	exp : exp . OR exp  (49)
	exp : exp . AND exp  (50)
	$$7 : .  (23)

	EQ  shift 47
	LEQ  shift 48
	GEQ  shift 49
	NEQ  shift 50
	AND  shift 51
	OR  shift 52
	'>'  shift 53
	'<'  shift 54
	'+'  shift 55
	'-'  shift 56
	'*'  shift 57
	'/'  shift 58
	'%'  shift 59
	')'  reduce 23

	$$7  goto 85


state 66
	cmd : WHILE $$5 '(' . exp ')' $$6 cmd  (22)

	ID  shift 20
	NUM  shift 21
	TRUE  shift 26
	FALSE  shift 27
	'!'  shift 28
	'('  shift 29
	INC  shift 31
	.  error

	exp  goto 86


state 67
	exp : '(' exp ')' .  (32)

	.  reduce 32


state 68
	cmd : '{' lcmd '}' .  (15)

	.  reduce 15


state 69
	exp : exp . '+' exp  (38)
	exp : exp . '-' exp  (39)
	exp : exp . '*' exp  (40)
	exp : exp . '/' exp  (41)
	exp : exp . '%' exp  (42)
	exp : exp . '>' exp  (43)
	exp : exp . '<' exp  (44)
	exp : exp . EQ exp  (45)
	exp : exp EQ exp .  (45)
	exp : exp . LEQ exp  (46)
	exp : exp . GEQ exp  (47)
	exp : exp . NEQ exp  (48)
	exp : exp . OR exp  (49)
	exp : exp . AND exp  (50)

	'+'  shift 55
	'-'  shift 56
	'*'  shift 57
	'/'  shift 58
	'%'  shift 59
	EQ  reduce 45
	LEQ  reduce 45
	GEQ  reduce 45
	NEQ  reduce 45
	AND  reduce 45
	OR  reduce 45
	'>'  reduce 45
	'<'  reduce 45
	')'  reduce 45
	';'  reduce 45


state 70
	exp : exp . '+' exp  (38)
	exp : exp . '-' exp  (39)
	exp : exp . '*' exp  (40)
	exp : exp . '/' exp  (41)
	exp : exp . '%' exp  (42)
	exp : exp . '>' exp  (43)
	exp : exp . '<' exp  (44)
	exp : exp . EQ exp  (45)
	exp : exp . LEQ exp  (46)
	exp : exp LEQ exp .  (46)
	exp : exp . GEQ exp  (47)
	exp : exp . NEQ exp  (48)
	exp : exp . OR exp  (49)
	exp : exp . AND exp  (50)

	'+'  shift 55
	'-'  shift 56
	'*'  shift 57
	'/'  shift 58
	'%'  shift 59
	EQ  reduce 46
	LEQ  reduce 46
	GEQ  reduce 46
	NEQ  reduce 46
	AND  reduce 46
	OR  reduce 46
	'>'  reduce 46
	'<'  reduce 46
	')'  reduce 46
	';'  reduce 46


state 71
	exp : exp . '+' exp  (38)
	exp : exp . '-' exp  (39)
	exp : exp . '*' exp  (40)
	exp : exp . '/' exp  (41)
	exp : exp . '%' exp  (42)
	exp : exp . '>' exp  (43)
	exp : exp . '<' exp  (44)
	exp : exp . EQ exp  (45)
	exp : exp . LEQ exp  (46)
	exp : exp . GEQ exp  (47)
	exp : exp GEQ exp .  (47)
	exp : exp . NEQ exp  (48)
	exp : exp . OR exp  (49)
	exp : exp . AND exp  (50)

	'+'  shift 55
	'-'  shift 56
	'*'  shift 57
	'/'  shift 58
	'%'  shift 59
	EQ  reduce 47
	LEQ  reduce 47
	GEQ  reduce 47
	NEQ  reduce 47
	AND  reduce 47
	OR  reduce 47
	'>'  reduce 47
	'<'  reduce 47
	')'  reduce 47
	';'  reduce 47


state 72
	exp : exp . '+' exp  (38)
	exp : exp . '-' exp  (39)
	exp : exp . '*' exp  (40)
	exp : exp . '/' exp  (41)
	exp : exp . '%' exp  (42)
	exp : exp . '>' exp  (43)
	exp : exp . '<' exp  (44)
	exp : exp . EQ exp  (45)
	exp : exp . LEQ exp  (46)
	exp : exp . GEQ exp  (47)
	exp : exp . NEQ exp  (48)
	exp : exp NEQ exp .  (48)
	exp : exp . OR exp  (49)
	exp : exp . AND exp  (50)

	'+'  shift 55
	'-'  shift 56
	'*'  shift 57
	'/'  shift 58
	'%'  shift 59
	EQ  reduce 48
	LEQ  reduce 48
	GEQ  reduce 48
	NEQ  reduce 48
	AND  reduce 48
	OR  reduce 48
	'>'  reduce 48
	'<'  reduce 48
	')'  reduce 48
	';'  reduce 48


state 73
	exp : exp . '+' exp  (38)
	exp : exp . '-' exp  (39)
	exp : exp . '*' exp  (40)
	exp : exp . '/' exp  (41)
	exp : exp . '%' exp  (42)
	exp : exp . '>' exp  (43)
	exp : exp . '<' exp  (44)
	exp : exp . EQ exp  (45)
	exp : exp . LEQ exp  (46)
	exp : exp . GEQ exp  (47)
	exp : exp . NEQ exp  (48)
	exp : exp . OR exp  (49)
	exp : exp . AND exp  (50)
	exp : exp AND exp .  (50)

	EQ  shift 47
	LEQ  shift 48
	GEQ  shift 49
	NEQ  shift 50
	'>'  shift 53
	'<'  shift 54
	'+'  shift 55
	'-'  shift 56
	'*'  shift 57
	'/'  shift 58
	'%'  shift 59
	AND  reduce 50
	OR  reduce 50
	')'  reduce 50
	';'  reduce 50


state 74
	exp : exp . '+' exp  (38)
	exp : exp . '-' exp  (39)
	exp : exp . '*' exp  (40)
	exp : exp . '/' exp  (41)
	exp : exp . '%' exp  (42)
	exp : exp . '>' exp  (43)
	exp : exp . '<' exp  (44)
	exp : exp . EQ exp  (45)
	exp : exp . LEQ exp  (46)
	exp : exp . GEQ exp  (47)
	exp : exp . NEQ exp  (48)
	exp : exp . OR exp  (49)
	exp : exp OR exp .  (49)
	exp : exp . AND exp  (50)

	EQ  shift 47
	LEQ  shift 48
	GEQ  shift 49
	NEQ  shift 50
	AND  shift 51
	'>'  shift 53
	'<'  shift 54
	'+'  shift 55
	'-'  shift 56
	'*'  shift 57
	'/'  shift 58
	'%'  shift 59
	OR  reduce 49
	')'  reduce 49
	';'  reduce 49


state 75
	exp : exp . '+' exp  (38)
	exp : exp . '-' exp  (39)
	exp : exp . '*' exp  (40)
	exp : exp . '/' exp  (41)
	exp : exp . '%' exp  (42)
	exp : exp . '>' exp  (43)
	exp : exp '>' exp .  (43)
	exp : exp . '<' exp  (44)
	exp : exp . EQ exp  (45)
	exp : exp . LEQ exp  (46)
	exp : exp . GEQ exp  (47)
	exp : exp . NEQ exp  (48)
	exp : exp . OR exp  (49)
	exp : exp . AND exp  (50)

	'+'  shift 55
	'-'  shift 56
	'*'  shift 57
	'/'  shift 58
	'%'  shift 59
	EQ  reduce 43
	LEQ  reduce 43
	GEQ  reduce 43
	NEQ  reduce 43
	AND  reduce 43
	OR  reduce 43
	'>'  reduce 43
	'<'  reduce 43
	')'  reduce 43
	';'  reduce 43


state 76
	exp : exp . '+' exp  (38)
	exp : exp . '-' exp  (39)
	exp : exp . '*' exp  (40)
	exp : exp . '/' exp  (41)
	exp : exp . '%' exp  (42)
	exp : exp . '>' exp  (43)
	exp : exp . '<' exp  (44)
	exp : exp '<' exp .  (44)
	exp : exp . EQ exp  (45)
	exp : exp . LEQ exp  (46)
	exp : exp . GEQ exp  (47)
	exp : exp . NEQ exp  (48)
	exp : exp . OR exp  (49)
	exp : exp . AND exp  (50)

	'+'  shift 55
	'-'  shift 56
	'*'  shift 57
	'/'  shift 58
	'%'  shift 59
	EQ  reduce 44
	LEQ  reduce 44
	GEQ  reduce 44
	NEQ  reduce 44
	AND  reduce 44
	OR  reduce 44
	'>'  reduce 44
	'<'  reduce 44
	')'  reduce 44
	';'  reduce 44


state 77
	exp : exp . '+' exp  (38)
	exp : exp '+' exp .  (38)
	exp : exp . '-' exp  (39)
	exp : exp . '*' exp  (40)
	exp : exp . '/' exp  (41)
	exp : exp . '%' exp  (42)
	exp : exp . '>' exp  (43)
	exp : exp . '<' exp  (44)
	exp : exp . EQ exp  (45)
	exp : exp . LEQ exp  (46)
	exp : exp . GEQ exp  (47)
	exp : exp . NEQ exp  (48)
	exp : exp . OR exp  (49)
	exp : exp . AND exp  (50)

	'*'  shift 57
	'/'  shift 58
	'%'  shift 59
	EQ  reduce 38
	LEQ  reduce 38
	GEQ  reduce 38
	NEQ  reduce 38
	AND  reduce 38
	OR  reduce 38
	'>'  reduce 38
	'<'  reduce 38
	'+'  reduce 38
	'-'  reduce 38
	')'  reduce 38
	';'  reduce 38


state 78
	exp : exp . '+' exp  (38)
	exp : exp . '-' exp  (39)
	exp : exp '-' exp .  (39)
	exp : exp . '*' exp  (40)
	exp : exp . '/' exp  (41)
	exp : exp . '%' exp  (42)
	exp : exp . '>' exp  (43)
	exp : exp . '<' exp  (44)
	exp : exp . EQ exp  (45)
	exp : exp . LEQ exp  (46)
	exp : exp . GEQ exp  (47)
	exp : exp . NEQ exp  (48)
	exp : exp . OR exp  (49)
	exp : exp . AND exp  (50)

	'*'  shift 57
	'/'  shift 58
	'%'  shift 59
	EQ  reduce 39
	LEQ  reduce 39
	GEQ  reduce 39
	NEQ  reduce 39
	AND  reduce 39
	OR  reduce 39
	'>'  reduce 39
	'<'  reduce 39
	'+'  reduce 39
	'-'  reduce 39
	')'  reduce 39
	';'  reduce 39


state 79
	exp : exp . '+' exp  (38)
	exp : exp . '-' exp  (39)
	exp : exp . '*' exp  (40)
	exp : exp '*' exp .  (40)
	exp : exp . '/' exp  (41)
	exp : exp . '%' exp  (42)
	exp : exp . '>' exp  (43)
	exp : exp . '<' exp  (44)
	exp : exp . EQ exp  (45)
	exp : exp . LEQ exp  (46)
	exp : exp . GEQ exp  (47)
	exp : exp . NEQ exp  (48)
	exp : exp . OR exp  (49)
	exp : exp . AND exp  (50)

	.  reduce 40


state 80
	exp : exp . '+' exp  (38)
	exp : exp . '-' exp  (39)
	exp : exp . '*' exp  (40)
	exp : exp . '/' exp  (41)
	exp : exp '/' exp .  (41)
	exp : exp . '%' exp  (42)
	exp : exp . '>' exp  (43)
	exp : exp . '<' exp  (44)
	exp : exp . EQ exp  (45)
	exp : exp . LEQ exp  (46)
	exp : exp . GEQ exp  (47)
	exp : exp . NEQ exp  (48)
	exp : exp . OR exp  (49)
	exp : exp . AND exp  (50)

	.  reduce 41


state 81
	exp : exp . '+' exp  (38)
	exp : exp . '-' exp  (39)
	exp : exp . '*' exp  (40)
	exp : exp . '/' exp  (41)
	exp : exp . '%' exp  (42)
	exp : exp '%' exp .  (42)
	exp : exp . '>' exp  (43)
	exp : exp . '<' exp  (44)
	exp : exp . EQ exp  (45)
	exp : exp . LEQ exp  (46)
	exp : exp . GEQ exp  (47)
	exp : exp . NEQ exp  (48)
	exp : exp . OR exp  (49)
	exp : exp . AND exp  (50)

	.  reduce 42


state 82
	cmd : READ '(' ID ')' . ';'  (19)

	';'  shift 87
	.  error


state 83
	cmd : WRITE '(' LIT ')' . ';'  (16)

	';'  shift 88
	.  error


state 84
	cmd : WRITE '(' LIT $$4 . ',' exp ')' ';'  (18)

	','  shift 89
	.  error


state 85
	cmd : IF '(' exp $$7 . ')' cmd restoIf  (24)

	')'  shift 90
	.  error


state 86
	cmd : WHILE $$5 '(' exp . ')' $$6 cmd  (22)
	exp : exp . '+' exp  (38)
	exp : exp . '-' exp  (39)
	exp : exp . '*' exp  (40)
	exp : exp . '/' exp  (41)
	exp : exp . '%' exp  (42)
	exp : exp . '>' exp  (43)
	exp : exp . '<' exp  (44)
	exp : exp . EQ exp  (45)
	exp : exp . LEQ exp  (46)
	exp : exp . GEQ exp  (47)
	exp : exp . NEQ exp  (48)
	exp : exp . OR exp  (49)
	exp : exp . AND exp  (50)

	EQ  shift 47
	LEQ  shift 48
	GEQ  shift 49
	NEQ  shift 50
	AND  shift 51
	OR  shift 52
	'>'  shift 53
	'<'  shift 54
	'+'  shift 55
	'-'  shift 56
	'*'  shift 57
	'/'  shift 58
	'%'  shift 59
	')'  shift 91
	.  error


state 87
	cmd : READ '(' ID ')' ';' .  (19)

	.  reduce 19


state 88
	cmd : WRITE '(' LIT ')' ';' .  (16)

	.  reduce 16


state 89
	cmd : WRITE '(' LIT $$4 ',' . exp ')' ';'  (18)

	ID  shift 20
	NUM  shift 21
	TRUE  shift 26
	FALSE  shift 27
	'!'  shift 28
	'('  shift 29
	INC  shift 31
	.  error

	exp  goto 92


state 90
	cmd : IF '(' exp $$7 ')' . cmd restoIf  (24)

	ID  shift 20
	NUM  shift 21
	READ  shift 22
	WRITE  shift 23
	IF  shift 24
	WHILE  shift 25
	TRUE  shift 26
	FALSE  shift 27
	'!'  shift 28
	'('  shift 29
	'{'  shift 30
	INC  shift 31
	.  error

	cmd  goto 93
	exp  goto 34


state 91
	cmd : WHILE $$5 '(' exp ')' . $$6 cmd  (22)
	$$6 : .  (21)

	.  reduce 21

	$$6  goto 94


state 92
	cmd : WRITE '(' LIT $$4 ',' exp . ')' ';'  (18)
	exp : exp . '+' exp  (38)
	exp : exp . '-' exp  (39)
	exp : exp . '*' exp  (40)
	exp : exp . '/' exp  (41)
	exp : exp . '%' exp  (42)
	exp : exp . '>' exp  (43)
	exp : exp . '<' exp  (44)
	exp : exp . EQ exp  (45)
	exp : exp . LEQ exp  (46)
	exp : exp . GEQ exp  (47)
	exp : exp . NEQ exp  (48)
	exp : exp . OR exp  (49)
	exp : exp . AND exp  (50)

	EQ  shift 47
	LEQ  shift 48
	GEQ  shift 49
	NEQ  shift 50
	AND  shift 51
	OR  shift 52
	'>'  shift 53
	'<'  shift 54
	'+'  shift 55
	'-'  shift 56
	'*'  shift 57
	'/'  shift 58
	'%'  shift 59
	')'  shift 95
	.  error


93: shift/reduce conflict (shift 96, reduce 27) on ELSE
state 93
	cmd : IF '(' exp $$7 ')' cmd . restoIf  (24)
	restoIf : .  (27)

	ELSE  shift 96
	ID  reduce 27
	NUM  reduce 27
	READ  reduce 27
	WRITE  reduce 27
	IF  reduce 27
	WHILE  reduce 27
	TRUE  reduce 27
	FALSE  reduce 27
	'!'  reduce 27
	'('  reduce 27
	'{'  reduce 27
	'}'  reduce 27
	INC  reduce 27

	restoIf  goto 97


state 94
	cmd : WHILE $$5 '(' exp ')' $$6 . cmd  (22)

	ID  shift 20
	NUM  shift 21
	READ  shift 22
	WRITE  shift 23
	IF  shift 24
	WHILE  shift 25
	TRUE  shift 26
	FALSE  shift 27
	'!'  shift 28
	'('  shift 29
	'{'  shift 30
	INC  shift 31
	.  error

	cmd  goto 98
	exp  goto 34


state 95
	cmd : WRITE '(' LIT $$4 ',' exp ')' . ';'  (18)

	';'  shift 99
	.  error


state 96
	restoIf : ELSE . $$8 cmd  (26)
	$$8 : .  (25)

	.  reduce 25

	$$8  goto 100


state 97
	cmd : IF '(' exp $$7 ')' cmd restoIf .  (24)

	.  reduce 24


state 98
	cmd : WHILE $$5 '(' exp ')' $$6 cmd .  (22)

	.  reduce 22


state 99
	cmd : WRITE '(' LIT $$4 ',' exp ')' ';' .  (18)

	.  reduce 18


state 100
	restoIf : ELSE $$8 . cmd  (26)

	ID  shift 20
	NUM  shift 21
	READ  shift 22
	WRITE  shift 23
	IF  shift 24
	WHILE  shift 25
	TRUE  shift 26
	FALSE  shift 27
	'!'  shift 28
	'('  shift 29
	'{'  shift 30
	INC  shift 31
	.  error

	cmd  goto 101
	exp  goto 34


state 101
	restoIf : ELSE $$8 cmd .  (26)

	.  reduce 26


State 62 contains 13 shift/reduce conflicts.
State 93 contains 1 shift/reduce conflict.


40 terminals, 18 nonterminals
51 grammar rules, 102 states
